
Circuit 1 cell sky130_fd_pr__pfet_01v8 and Circuit 2 cell sky130_fd_pr__pfet_01v8 are black boxes.
Equate elements:  no current cell.
Device classes sky130_fd_pr__pfet_01v8 and sky130_fd_pr__pfet_01v8 are equivalent.

Circuit 1 cell sky130_fd_pr__nfet_01v8 and Circuit 2 cell sky130_fd_pr__nfet_01v8 are black boxes.
Equate elements:  no current cell.
Device classes sky130_fd_pr__nfet_01v8 and sky130_fd_pr__nfet_01v8 are equivalent.

Circuit 1 cell sky130_fd_pr__pfet_01v8_lvt and Circuit 2 cell sky130_fd_pr__pfet_01v8_lvt are black boxes.
Equate elements:  no current cell.
Device classes sky130_fd_pr__pfet_01v8_lvt and sky130_fd_pr__pfet_01v8_lvt are equivalent.

Circuit 2 cell sky130_fd_sc_hd__xnor2_4 is a black box; will not flatten Circuit 1
Class sky130_fd_sc_hd__xnor2_4 (0):  Merged 30 parallel devices.
Equate elements:  no current cell.
Device classes sky130_fd_sc_hd__xnor2_4 and sky130_fd_sc_hd__xnor2_4 are equivalent.
Flattening unmatched subcell sky130_fd_pr__nfet_01v8_GWFSUW in circuit comparator_final_compact.spice (0)(6 instances)
Flattening unmatched subcell comparator_full_compact in circuit comparator_final_compact.spice (0)(2 instances)
Flattening unmatched subcell inverter in circuit comparator_final_compact.spice (0)(4 instances)
Flattening unmatched subcell sky130_fd_pr__pfet_01v8_BH9SS5 in circuit comparator_final_compact.spice (0)(4 instances)
Flattening unmatched subcell sky130_fd_pr__nfet_01v8_53744R in circuit comparator_final_compact.spice (0)(4 instances)
Flattening unmatched subcell comparator_layout in circuit comparator_final_compact.spice (0)(2 instances)
Flattening unmatched subcell sky130_fd_pr__nfet_01v8_PVEW3M in circuit comparator_final_compact.spice (0)(14 instances)
Flattening unmatched subcell sky130_fd_pr__pfet_01v8_X3YSY6 in circuit comparator_final_compact.spice (0)(8 instances)
Flattening unmatched subcell sky130_fd_pr__pfet_01v8_B5E2Q5 in circuit comparator_final_compact.spice (0)(2 instances)
Flattening unmatched subcell latch_layout in circuit comparator_final_compact.spice (0)(2 instances)
Flattening unmatched subcell sky130_fd_pr__nfet_01v8_PVEW3M in circuit comparator_final_compact.spice (0)(12 instances)
Flattening unmatched subcell sky130_fd_pr__pfet_01v8_X3YSY6 in circuit comparator_final_compact.spice (0)(12 instances)
Flattening unmatched subcell reference in circuit comparator_final_compact.spice (0)(1 instance)
Flattening unmatched subcell sky130_fd_pr__pfet_01v8_lvt_T5G9WD in circuit comparator_final_compact.spice (0)(1 instance)
Flattening unmatched subcell sky130_fd_pr__pfet_01v8_lvt_46RJ2R in circuit comparator_final_compact.spice (0)(2 instances)
Flattening unmatched subcell xnor in circuit comparator_final_compact.spice (0)(1 instance)

Class comparator_final_compact.spice (0):  Merged 47 parallel devices.
Subcircuit summary:
Circuit 1: comparator_final_compact.spice  |Circuit 2: comparator_full1.spice          
-------------------------------------------|-------------------------------------------
sky130_fd_pr__nfet_01v8 (78->31)           |sky130_fd_pr__nfet_01v8 (31)               
sky130_fd_pr__pfet_01v8 (26)               |sky130_fd_pr__pfet_01v8 (26)               
sky130_fd_pr__pfet_01v8_lvt (3)            |sky130_fd_pr__pfet_01v8_lvt (3)            
sky130_fd_sc_hd__xnor2_4 (1)               |sky130_fd_sc_hd__xnor2_4 (1)               
Number of devices: 61                      |Number of devices: 61                      
Number of nets: 39 **Mismatch**            |Number of nets: 38 **Mismatch**            
---------------------------------------------------------------------------------------
NET mismatches: Class fragments follow (with fanout counts):
Circuit 1: comparator_final_compact.spice  |Circuit 2: comparator_full1.spice          

---------------------------------------------------------------------------------------
Net: Vdd                                   |Net: VGND                                  
  sky130_fd_pr__nfet_01v8/2 = 1            |  sky130_fd_sc_hd__xnor2_4/3 = 1           
  sky130_fd_pr__pfet_01v8/(1|3) = 20       |                                           
  sky130_fd_pr__pfet_01v8/4 = 26           |                                           
  sky130_fd_pr__pfet_01v8_lvt/(1|3) = 1    |                                           
  sky130_fd_pr__pfet_01v8_lvt/4 = 1        |                                           
  sky130_fd_sc_hd__xnor2_4/VPWR = 1        |                                           
                                           |                                           
Net: gnd                                   |Net: VNB                                   
  sky130_fd_pr__nfet_01v8/(1|3) = 16       |  sky130_fd_sc_hd__xnor2_4/4 = 1           
  sky130_fd_pr__nfet_01v8/4 = 31           |                                           
  sky130_fd_pr__pfet_01v8_lvt/2 = 1        |                                           
  sky130_fd_pr__pfet_01v8_lvt/(1|3) = 1    |                                           
  sky130_fd_sc_hd__xnor2_4/VGND = 1        |                                           
  sky130_fd_sc_hd__xnor2_4/VNB = 1         |                                           
                                           |                                           
Net: enable                                |Net: VPB                                   
  sky130_fd_sc_hd__xnor2_4/Y = 1           |  sky130_fd_sc_hd__xnor2_4/5 = 1           
                                           |                                           
Net: xnor_0/sky130_fd_sc_hd__xnor2_4_0/a_3 |Net: VPWR                                  
  sky130_fd_sc_hd__xnor2_4/a_38_297# = 1   |  sky130_fd_sc_hd__xnor2_4/6 = 1           
                                           |                                           
Net: xnor_0/sky130_fd_sc_hd__xnor2_4_0/a_3 |Net: net15                                 
  sky130_fd_sc_hd__xnor2_4/a_38_47# = 1    |  sky130_fd_sc_hd__xnor2_4/7 = 1           
                                           |                                           
Net: xnor_0/sky130_fd_sc_hd__xnor2_4_0/a_8 |(no matching net)                          
  sky130_fd_sc_hd__xnor2_4/a_820_297# = 1  |                                           
                                           |                                           
Net: xnor_0/sky130_fd_sc_hd__xnor2_4_0/VPB |(no matching net)                          
  sky130_fd_sc_hd__xnor2_4/VPB = 1         |                                           
                                           |                                           
Net: xnor_0/sky130_fd_sc_hd__xnor2_4_0/a_9 |(no matching net)                          
  sky130_fd_sc_hd__xnor2_4/a_902_47# = 1   |                                           
---------------------------------------------------------------------------------------

---------------------------------------------------------------------------------------
(no matching net)                          |Net: Vdd                                   
                                           |  sky130_fd_pr__pfet_01v8/(1|3) = 20       
                                           |  sky130_fd_pr__pfet_01v8/4 = 26           
                                           |  sky130_fd_pr__pfet_01v8_lvt/(1|3) = 1    
                                           |  sky130_fd_pr__pfet_01v8_lvt/4 = 1        
                                           |  sky130_fd_pr__nfet_01v8/2 = 1            
                                           |                                           
(no matching net)                          |Net: GND                                   
                                           |  sky130_fd_pr__nfet_01v8/4 = 31           
                                           |  sky130_fd_pr__nfet_01v8/(1|3) = 16       
                                           |  sky130_fd_pr__pfet_01v8_lvt/(1|3) = 1    
                                           |  sky130_fd_pr__pfet_01v8_lvt/2 = 1        
---------------------------------------------------------------------------------------

---------------------------------------------------------------------------------------
Net: q2                                    |Net: Q3                                    
  sky130_fd_sc_hd__xnor2_4/B = 1           |  sky130_fd_pr__pfet_01v8/(1|3) = 2        
  sky130_fd_pr__nfet_01v8/(1|3) = 2        |  sky130_fd_pr__pfet_01v8/2 = 1            
  sky130_fd_pr__nfet_01v8/2 = 1            |  sky130_fd_pr__nfet_01v8/(1|3) = 2        
  sky130_fd_pr__pfet_01v8/(1|3) = 2        |  sky130_fd_pr__nfet_01v8/2 = 1            
  sky130_fd_pr__pfet_01v8/2 = 1            |  sky130_fd_sc_hd__xnor2_4/2 = 1           
                                           |                                           
Net: q                                     |Net: Q                                     
  sky130_fd_pr__nfet_01v8/(1|3) = 2        |  sky130_fd_pr__nfet_01v8/(1|3) = 2        
  sky130_fd_pr__nfet_01v8/2 = 1            |  sky130_fd_pr__nfet_01v8/2 = 1            
  sky130_fd_pr__pfet_01v8/(1|3) = 2        |  sky130_fd_pr__pfet_01v8/(1|3) = 2        
  sky130_fd_pr__pfet_01v8/2 = 1            |  sky130_fd_pr__pfet_01v8/2 = 1            
  sky130_fd_sc_hd__xnor2_4/A = 1           |  sky130_fd_sc_hd__xnor2_4/1 = 1           
---------------------------------------------------------------------------------------

---------------------------------------------------------------------------------------
Net: V+                                    |(no matching net)                          
  sky130_fd_pr__nfet_01v8/2 = 2            |                                           
                                           |                                           
Net: V-                                    |(no matching net)                          
  sky130_fd_pr__nfet_01v8/2 = 2            |                                           
---------------------------------------------------------------------------------------

---------------------------------------------------------------------------------------
(no matching net)                          |Net: V+                                    
                                           |  sky130_fd_pr__nfet_01v8/2 = 2            
                                           |                                           
(no matching net)                          |Net: V-                                    
                                           |  sky130_fd_pr__nfet_01v8/2 = 2            
---------------------------------------------------------------------------------------

---------------------------------------------------------------------------------------
Net: Vc+                                   |Net: Vc+                                   
  sky130_fd_pr__nfet_01v8/2 = 2            |  sky130_fd_pr__nfet_01v8/2 = 2            
  sky130_fd_pr__pfet_01v8_lvt/(1|3) = 2    |  sky130_fd_pr__pfet_01v8_lvt/(1|3) = 2    
  sky130_fd_pr__pfet_01v8_lvt/4 = 1        |  sky130_fd_pr__pfet_01v8_lvt/4 = 1        
  sky130_fd_pr__pfet_01v8_lvt/2 = 1        |  sky130_fd_pr__pfet_01v8_lvt/2 = 1        
                                           |                                           
Net: Vc-                                   |Net: Vc-                                   
  sky130_fd_pr__nfet_01v8/2 = 2            |  sky130_fd_pr__nfet_01v8/2 = 2            
  sky130_fd_pr__pfet_01v8_lvt/2 = 1        |  sky130_fd_pr__pfet_01v8_lvt/2 = 1        
  sky130_fd_pr__pfet_01v8_lvt/(1|3) = 2    |  sky130_fd_pr__pfet_01v8_lvt/(1|3) = 2    
  sky130_fd_pr__pfet_01v8_lvt/4 = 1        |  sky130_fd_pr__pfet_01v8_lvt/4 = 1        
---------------------------------------------------------------------------------------

---------------------------------------------------------------------------------------
Net: clk                                   |Net: clk                                   
  sky130_fd_pr__nfet_01v8/2 = 2            |  sky130_fd_pr__nfet_01v8/2 = 2            
  sky130_fd_pr__pfet_01v8/2 = 6            |  sky130_fd_pr__pfet_01v8/2 = 6            
---------------------------------------------------------------------------------------
DEVICE mismatches: Class fragments follow (with node fanout counts):
Circuit 1: comparator_final_compact.spice  |Circuit 2: comparator_full1.spice          

---------------------------------------------------------------------------------------
Instance: xnor_0//sky130_fd_sc_hd__xnor2_4 |Instance: sky130_fd_sc_hd__xnor2_4:1       
  A = 7                                    |  1 = 7                                    
  B = 7                                    |  2 = 7                                    
  VGND = 51                                |  3 = 1                                    
  VNB = 51                                 |  4 = 1                                    
  VPB = 1                                  |  5 = 1                                    
  VPWR = 50                                |  6 = 1                                    
  Y = 1                                    |  7 = 1                                    
  a_38_47# = 1                             |                                           
  a_902_47# = 1                            |                                           
  a_820_297# = 1                           |                                           
  a_38_297# = 1                            |                                           
---------------------------------------------------------------------------------------

---------------------------------------------------------------------------------------
Instance: reference_0//sky130_fd_pr__pfet_ |Instance: sky130_fd_pr__pfet_01v8_lvt:M59  
  (1,3) = (51,6)                           |  (1,3) = (49,6)                           
  2 = 51                                   |  2 = 49                                   
  4 = 6                                    |  4 = 6                                    
                                           |                                           
Instance: reference_0//sky130_fd_pr__pfet_ |Instance: sky130_fd_pr__pfet_01v8_lvt:M57  
  (1,3) = (50,6)                           |  (1,3) = (49,6)                           
  2 = 6                                    |  2 = 6                                    
  4 = 50                                   |  4 = 49                                   
---------------------------------------------------------------------------------------

---------------------------------------------------------------------------------------
Instance: sky130_fd_pr__nfet_01v8_GWFSUW_1 |Instance: sky130_fd_pr__nfet_01v8:M60      
  (1,3) = (51,51)                          |  (1,3) = (49,49)                          
  2 = 50                                   |  2 = 49                                   
  4 = 51                                   |  4 = 49                                   
---------------------------------------------------------------------------------------
Netlists do not match.
Cells have no pins;  pin matching not needed.
Device classes comparator_final_compact.spice and comparator_full1.spice are equivalent.

Final result: Netlists do not match.
