
Circuit 1 cell sky130_fd_pr__pfet_01v8 and Circuit 2 cell sky130_fd_pr__pfet_01v8 are black boxes.
Equate elements:  no current cell.
Device classes sky130_fd_pr__pfet_01v8 and sky130_fd_pr__pfet_01v8 are equivalent.

Circuit 1 cell sky130_fd_pr__nfet_01v8 and Circuit 2 cell sky130_fd_pr__nfet_01v8 are black boxes.
Equate elements:  no current cell.
Device classes sky130_fd_pr__nfet_01v8 and sky130_fd_pr__nfet_01v8 are equivalent.

Subcircuit summary:
Circuit 1: comparator_full_compact.spice   |Circuit 2: comparator_full_xschem.spice    
-------------------------------------------|-------------------------------------------
sky130_fd_pr__pfet_01v8 (13)               |sky130_fd_pr__pfet_01v8 (13)               
sky130_fd_pr__nfet_01v8 (15)               |sky130_fd_pr__nfet_01v8 (15)               
Number of devices: 28                      |Number of devices: 28                      
Number of nets: 20                         |Number of nets: 20                         
---------------------------------------------------------------------------------------
Resolving symmetries by property value.
Resolving symmetries by pin name.
Netlists match with 4 symmetries.
Cells have no pins;  pin matching not needed.
Device classes comparator_full_compact.spice and comparator_full_xschem.spice are equivalent.

Final result: Circuits match uniquely.
.
