
Circuit 1 cell sky130_fd_pr__pfet_01v8 and Circuit 2 cell sky130_fd_pr__pfet_01v8 are black boxes.
Equate elements:  no current cell.
Device classes sky130_fd_pr__pfet_01v8 and sky130_fd_pr__pfet_01v8 are equivalent.

Circuit 1 cell sky130_fd_pr__nfet_01v8 and Circuit 2 cell sky130_fd_pr__nfet_01v8 are black boxes.
Equate elements:  no current cell.
Device classes sky130_fd_pr__nfet_01v8 and sky130_fd_pr__nfet_01v8 are equivalent.

Circuit 1 cell sky130_fd_pr__cap_mim_m3_1 and Circuit 2 cell sky130_fd_pr__cap_mim_m3_1 are black boxes.
Equate elements:  no current cell.
Device classes sky130_fd_pr__cap_mim_m3_1 and sky130_fd_pr__cap_mim_m3_1 are equivalent.

Class integrator_full.spice (0):  Merged 8 parallel devices.
Class integratorfull_xschem.spice (1):  Merged 8 parallel devices.
Subcircuit summary:
Circuit 1: integrator_full.spice           |Circuit 2: integratorfull_xschem.spice     
-------------------------------------------|-------------------------------------------
sky130_fd_pr__pfet_01v8 (12->8)            |sky130_fd_pr__pfet_01v8 (12->8)            
sky130_fd_pr__nfet_01v8 (14->10)           |sky130_fd_pr__nfet_01v8 (14->10)           
sky130_fd_pr__cap_mim_m3_1 (1)             |sky130_fd_pr__cap_mim_m3_1 (1)             
Number of devices: 19                      |Number of devices: 19                      
Number of nets: 13                         |Number of nets: 13                         
---------------------------------------------------------------------------------------
Netlists match uniquely.
Cells have no pins;  pin matching not needed.
Device classes integrator_full.spice and integratorfull_xschem.spice are equivalent.

Final result: Circuits match uniquely.
.
